<?xml version="1.0" encoding="UTF-8"?>
<testng-results skipped="0" failed="0" ignored="0" total="18" passed="18">
  <reporter-output>
  </reporter-output>
  <suite name="Suite" duration-ms="4343" started-at="2018-04-10T18:07:22Z" finished-at="2018-04-10T18:07:27Z">
    <groups>
    </groups>
    <test name="Test" duration-ms="4343" started-at="2018-04-10T18:07:22Z" finished-at="2018-04-10T18:07:27Z">
      <class name="com.globant.autoTraningBackend.restAssured.JsonPlaceHolderRestTest">
        <test-method status="PASS" signature="testGetCodeResponse(java.lang.String)[pri:0, instance:com.globant.autoTraningBackend.restAssured.JsonPlaceHolderRestTest@3ffc5af1]" name="testGetCodeResponse" duration-ms="1291" started-at="2018-04-10T18:07:22Z" data-provider="providerTestGetCodeResponse" finished-at="2018-04-10T18:07:24Z">
          <params>
            <param index="0">
              <value>
                <![CDATA[/posts]]>
              </value>
            </param>
          </params>
          <reporter-output>
          </reporter-output>
        </test-method> <!-- testGetCodeResponse -->
        <test-method status="PASS" signature="testGetCodeResponse(java.lang.String)[pri:0, instance:com.globant.autoTraningBackend.restAssured.JsonPlaceHolderRestTest@3ffc5af1]" name="testGetCodeResponse" duration-ms="127" started-at="2018-04-10T18:07:24Z" data-provider="providerTestGetCodeResponse" finished-at="2018-04-10T18:07:24Z">
          <params>
            <param index="0">
              <value>
                <![CDATA[/comments]]>
              </value>
            </param>
          </params>
          <reporter-output>
          </reporter-output>
        </test-method> <!-- testGetCodeResponse -->
        <test-method status="PASS" signature="testGetCodeResponse(java.lang.String)[pri:0, instance:com.globant.autoTraningBackend.restAssured.JsonPlaceHolderRestTest@3ffc5af1]" name="testGetCodeResponse" duration-ms="137" started-at="2018-04-10T18:07:24Z" data-provider="providerTestGetCodeResponse" finished-at="2018-04-10T18:07:24Z">
          <params>
            <param index="0">
              <value>
                <![CDATA[/albums]]>
              </value>
            </param>
          </params>
          <reporter-output>
          </reporter-output>
        </test-method> <!-- testGetCodeResponse -->
        <test-method status="PASS" signature="testGetCodeResponse(java.lang.String)[pri:0, instance:com.globant.autoTraningBackend.restAssured.JsonPlaceHolderRestTest@3ffc5af1]" name="testGetCodeResponse" duration-ms="212" started-at="2018-04-10T18:07:24Z" data-provider="providerTestGetCodeResponse" finished-at="2018-04-10T18:07:24Z">
          <params>
            <param index="0">
              <value>
                <![CDATA[/photos]]>
              </value>
            </param>
          </params>
          <reporter-output>
          </reporter-output>
        </test-method> <!-- testGetCodeResponse -->
        <test-method status="PASS" signature="testGetCodeResponse(java.lang.String)[pri:0, instance:com.globant.autoTraningBackend.restAssured.JsonPlaceHolderRestTest@3ffc5af1]" name="testGetCodeResponse" duration-ms="99" started-at="2018-04-10T18:07:24Z" data-provider="providerTestGetCodeResponse" finished-at="2018-04-10T18:07:24Z">
          <params>
            <param index="0">
              <value>
                <![CDATA[/todos]]>
              </value>
            </param>
          </params>
          <reporter-output>
          </reporter-output>
        </test-method> <!-- testGetCodeResponse -->
        <test-method status="PASS" signature="testGetCodeResponse(java.lang.String)[pri:0, instance:com.globant.autoTraningBackend.restAssured.JsonPlaceHolderRestTest@3ffc5af1]" name="testGetCodeResponse" duration-ms="119" started-at="2018-04-10T18:07:24Z" data-provider="providerTestGetCodeResponse" finished-at="2018-04-10T18:07:24Z">
          <params>
            <param index="0">
              <value>
                <![CDATA[/users]]>
              </value>
            </param>
          </params>
          <reporter-output>
          </reporter-output>
        </test-method> <!-- testGetCodeResponse -->
        <test-method status="PASS" signature="testGetItem(java.lang.String, java.lang.String, java.lang.String, int, int, java.lang.String, java.lang.String)[pri:0, instance:com.globant.autoTraningBackend.restAssured.JsonPlaceHolderRestTest@3ffc5af1]" name="testGetItem" duration-ms="456" started-at="2018-04-10T18:07:24Z" data-provider="providerGetItem" finished-at="2018-04-10T18:07:25Z">
          <params>
            <param index="0">
              <value>
                <![CDATA[/posts/{id}]]>
              </value>
            </param>
            <param index="1">
              <value>
                <![CDATA[id]]>
              </value>
            </param>
            <param index="2">
              <value>
                <![CDATA[20]]>
              </value>
            </param>
            <param index="3">
              <value>
                <![CDATA[2]]>
              </value>
            </param>
            <param index="4">
              <value>
                <![CDATA[20]]>
              </value>
            </param>
            <param index="5">
              <value>
                <![CDATA[doloribus ad provident suscipit at]]>
              </value>
            </param>
            <param index="6">
              <value>
                <![CDATA[qui consequuntur ducimus possimus quisquam amet similique
suscipit porro ipsam amet
eos veritatis officiis exercitationem vel fugit aut necessitatibus totam
omnis rerum consequatur expedita quidem cumque explicabo]]>
              </value>
            </param>
          </params>
          <reporter-output>
          </reporter-output>
        </test-method> <!-- testGetItem -->
        <test-method status="PASS" signature="testGetItem(java.lang.String, java.lang.String, java.lang.String, int, int, java.lang.String, java.lang.String)[pri:0, instance:com.globant.autoTraningBackend.restAssured.JsonPlaceHolderRestTest@3ffc5af1]" name="testGetItem" duration-ms="115" started-at="2018-04-10T18:07:25Z" data-provider="providerGetItem" finished-at="2018-04-10T18:07:25Z">
          <params>
            <param index="0">
              <value>
                <![CDATA[/posts/{id}]]>
              </value>
            </param>
            <param index="1">
              <value>
                <![CDATA[id]]>
              </value>
            </param>
            <param index="2">
              <value>
                <![CDATA[50]]>
              </value>
            </param>
            <param index="3">
              <value>
                <![CDATA[5]]>
              </value>
            </param>
            <param index="4">
              <value>
                <![CDATA[50]]>
              </value>
            </param>
            <param index="5">
              <value>
                <![CDATA[repellendus qui recusandae incidunt voluptates tenetur qui omnis exercitationem]]>
              </value>
            </param>
            <param index="6">
              <value>
                <![CDATA[error suscipit maxime adipisci consequuntur recusandae
voluptas eligendi et est et voluptates
quia distinctio ab amet quaerat molestiae et vitae
adipisci impedit sequi nesciunt quis consectetur]]>
              </value>
            </param>
          </params>
          <reporter-output>
          </reporter-output>
        </test-method> <!-- testGetItem -->
        <test-method status="PASS" signature="testGetItem(java.lang.String, java.lang.String, java.lang.String, int, int, java.lang.String, java.lang.String)[pri:0, instance:com.globant.autoTraningBackend.restAssured.JsonPlaceHolderRestTest@3ffc5af1]" name="testGetItem" duration-ms="137" started-at="2018-04-10T18:07:25Z" data-provider="providerGetItem" finished-at="2018-04-10T18:07:25Z">
          <params>
            <param index="0">
              <value>
                <![CDATA[/posts/{id}]]>
              </value>
            </param>
            <param index="1">
              <value>
                <![CDATA[id]]>
              </value>
            </param>
            <param index="2">
              <value>
                <![CDATA[100]]>
              </value>
            </param>
            <param index="3">
              <value>
                <![CDATA[10]]>
              </value>
            </param>
            <param index="4">
              <value>
                <![CDATA[100]]>
              </value>
            </param>
            <param index="5">
              <value>
                <![CDATA[at nam consequatur ea labore ea harum]]>
              </value>
            </param>
            <param index="6">
              <value>
                <![CDATA[cupiditate quo est a modi nesciunt soluta
ipsa voluptas error itaque dicta in
autem qui minus magnam et distinctio eum
accusamus ratione error aut]]>
              </value>
            </param>
          </params>
          <reporter-output>
          </reporter-output>
        </test-method> <!-- testGetItem -->
        <test-method status="PASS" signature="testGetResponse()[pri:0, instance:com.globant.autoTraningBackend.restAssured.JsonPlaceHolderRestTest@3ffc5af1]" name="testGetResponse" duration-ms="84" started-at="2018-04-10T18:07:25Z" finished-at="2018-04-10T18:07:25Z">
          <reporter-output>
          </reporter-output>
        </test-method> <!-- testGetResponse -->
        <test-method status="PASS" signature="testImplementMethods(java.lang.String, java.lang.String, java.lang.String)[pri:0, instance:com.globant.autoTraningBackend.restAssured.JsonPlaceHolderRestTest@3ffc5af1]" name="testImplementMethods" duration-ms="112" started-at="2018-04-10T18:07:25Z" data-provider="providerTestImplementMethods" finished-at="2018-04-10T18:07:25Z">
          <params>
            <param index="0">
              <value>
                <![CDATA[comments]]>
              </value>
            </param>
            <param index="1">
              <value>
                <![CDATA[postId]]>
              </value>
            </param>
            <param index="2">
              <value>
                <![CDATA[1]]>
              </value>
            </param>
          </params>
          <reporter-output>
          </reporter-output>
        </test-method> <!-- testImplementMethods -->
        <test-method status="PASS" signature="testImplementMethods(java.lang.String, java.lang.String, java.lang.String)[pri:0, instance:com.globant.autoTraningBackend.restAssured.JsonPlaceHolderRestTest@3ffc5af1]" name="testImplementMethods" duration-ms="125" started-at="2018-04-10T18:07:25Z" data-provider="providerTestImplementMethods" finished-at="2018-04-10T18:07:25Z">
          <params>
            <param index="0">
              <value>
                <![CDATA[posts]]>
              </value>
            </param>
            <param index="1">
              <value>
                <![CDATA[userId]]>
              </value>
            </param>
            <param index="2">
              <value>
                <![CDATA[1]]>
              </value>
            </param>
          </params>
          <reporter-output>
          </reporter-output>
        </test-method> <!-- testImplementMethods -->
        <test-method status="PASS" signature="testValidateSchema(java.lang.String, java.lang.String)[pri:0, instance:com.globant.autoTraningBackend.restAssured.JsonPlaceHolderRestTest@3ffc5af1]" name="testValidateSchema" duration-ms="447" started-at="2018-04-10T18:07:25Z" data-provider="providerTestValidateSchema" finished-at="2018-04-10T18:07:26Z">
          <params>
            <param index="0">
              <value>
                <![CDATA[/posts]]>
              </value>
            </param>
            <param index="1">
              <value>
                <![CDATA[posts_shcema.json]]>
              </value>
            </param>
          </params>
          <reporter-output>
          </reporter-output>
        </test-method> <!-- testValidateSchema -->
        <test-method status="PASS" signature="testValidateSchema(java.lang.String, java.lang.String)[pri:0, instance:com.globant.autoTraningBackend.restAssured.JsonPlaceHolderRestTest@3ffc5af1]" name="testValidateSchema" duration-ms="168" started-at="2018-04-10T18:07:26Z" data-provider="providerTestValidateSchema" finished-at="2018-04-10T18:07:26Z">
          <params>
            <param index="0">
              <value>
                <![CDATA[/comments]]>
              </value>
            </param>
            <param index="1">
              <value>
                <![CDATA[comments_schema.json]]>
              </value>
            </param>
          </params>
          <reporter-output>
          </reporter-output>
        </test-method> <!-- testValidateSchema -->
        <test-method status="PASS" signature="testValidateSchema(java.lang.String, java.lang.String)[pri:0, instance:com.globant.autoTraningBackend.restAssured.JsonPlaceHolderRestTest@3ffc5af1]" name="testValidateSchema" duration-ms="84" started-at="2018-04-10T18:07:26Z" data-provider="providerTestValidateSchema" finished-at="2018-04-10T18:07:26Z">
          <params>
            <param index="0">
              <value>
                <![CDATA[/albums]]>
              </value>
            </param>
            <param index="1">
              <value>
                <![CDATA[albums_schema.json]]>
              </value>
            </param>
          </params>
          <reporter-output>
          </reporter-output>
        </test-method> <!-- testValidateSchema -->
        <test-method status="PASS" signature="testValidateSchema(java.lang.String, java.lang.String)[pri:0, instance:com.globant.autoTraningBackend.restAssured.JsonPlaceHolderRestTest@3ffc5af1]" name="testValidateSchema" duration-ms="301" started-at="2018-04-10T18:07:26Z" data-provider="providerTestValidateSchema" finished-at="2018-04-10T18:07:26Z">
          <params>
            <param index="0">
              <value>
                <![CDATA[/photos]]>
              </value>
            </param>
            <param index="1">
              <value>
                <![CDATA[posts_shcema.json]]>
              </value>
            </param>
          </params>
          <reporter-output>
          </reporter-output>
        </test-method> <!-- testValidateSchema -->
        <test-method status="PASS" signature="testValidateSchema(java.lang.String, java.lang.String)[pri:0, instance:com.globant.autoTraningBackend.restAssured.JsonPlaceHolderRestTest@3ffc5af1]" name="testValidateSchema" duration-ms="96" started-at="2018-04-10T18:07:26Z" data-provider="providerTestValidateSchema" finished-at="2018-04-10T18:07:27Z">
          <params>
            <param index="0">
              <value>
                <![CDATA[/todos]]>
              </value>
            </param>
            <param index="1">
              <value>
                <![CDATA[todos_schema.json]]>
              </value>
            </param>
          </params>
          <reporter-output>
          </reporter-output>
        </test-method> <!-- testValidateSchema -->
        <test-method status="PASS" signature="testValidateSchema(java.lang.String, java.lang.String)[pri:0, instance:com.globant.autoTraningBackend.restAssured.JsonPlaceHolderRestTest@3ffc5af1]" name="testValidateSchema" duration-ms="157" started-at="2018-04-10T18:07:27Z" data-provider="providerTestValidateSchema" finished-at="2018-04-10T18:07:27Z">
          <params>
            <param index="0">
              <value>
                <![CDATA[/users]]>
              </value>
            </param>
            <param index="1">
              <value>
                <![CDATA[todos_schema.json]]>
              </value>
            </param>
          </params>
          <reporter-output>
          </reporter-output>
        </test-method> <!-- testValidateSchema -->
      </class> <!-- com.globant.autoTraningBackend.restAssured.JsonPlaceHolderRestTest -->
    </test> <!-- Test -->
  </suite> <!-- Suite -->
</testng-results>
