<?xml version="1.0" encoding="UTF-8"?>
<!-- Generated by org.testng.reporters.JUnitXMLReporter -->
<testsuite hostname="MX-IT01128" ignored="0" name="Test" tests="18" failures="0" timestamp="10 Apr 2018 18:07:27 GMT" time="4.343" errors="0">
  <testcase name="testGetCodeResponse" time="1.291" classname="com.globant.autoTraningBackend.restAssured.JsonPlaceHolderRestTest"/>
  <testcase name="testGetCodeResponse" time="0.127" classname="com.globant.autoTraningBackend.restAssured.JsonPlaceHolderRestTest"/>
  <testcase name="testGetCodeResponse" time="0.137" classname="com.globant.autoTraningBackend.restAssured.JsonPlaceHolderRestTest"/>
  <testcase name="testGetCodeResponse" time="0.212" classname="com.globant.autoTraningBackend.restAssured.JsonPlaceHolderRestTest"/>
  <testcase name="testGetCodeResponse" time="0.099" classname="com.globant.autoTraningBackend.restAssured.JsonPlaceHolderRestTest"/>
  <testcase name="testGetCodeResponse" time="0.119" classname="com.globant.autoTraningBackend.restAssured.JsonPlaceHolderRestTest"/>
  <testcase name="testGetItem" time="0.456" classname="com.globant.autoTraningBackend.restAssured.JsonPlaceHolderRestTest"/>
  <testcase name="testGetItem" time="0.115" classname="com.globant.autoTraningBackend.restAssured.JsonPlaceHolderRestTest"/>
  <testcase name="testGetItem" time="0.137" classname="com.globant.autoTraningBackend.restAssured.JsonPlaceHolderRestTest"/>
  <testcase name="testGetResponse" time="0.084" classname="com.globant.autoTraningBackend.restAssured.JsonPlaceHolderRestTest"/>
  <testcase name="testImplementMethods" time="0.112" classname="com.globant.autoTraningBackend.restAssured.JsonPlaceHolderRestTest"/>
  <testcase name="testImplementMethods" time="0.125" classname="com.globant.autoTraningBackend.restAssured.JsonPlaceHolderRestTest"/>
  <testcase name="testValidateSchema" time="0.447" classname="com.globant.autoTraningBackend.restAssured.JsonPlaceHolderRestTest"/>
  <testcase name="testValidateSchema" time="0.168" classname="com.globant.autoTraningBackend.restAssured.JsonPlaceHolderRestTest"/>
  <testcase name="testValidateSchema" time="0.084" classname="com.globant.autoTraningBackend.restAssured.JsonPlaceHolderRestTest"/>
  <testcase name="testValidateSchema" time="0.301" classname="com.globant.autoTraningBackend.restAssured.JsonPlaceHolderRestTest"/>
  <testcase name="testValidateSchema" time="0.096" classname="com.globant.autoTraningBackend.restAssured.JsonPlaceHolderRestTest"/>
  <testcase name="testValidateSchema" time="0.157" classname="com.globant.autoTraningBackend.restAssured.JsonPlaceHolderRestTest"/>
</testsuite> <!-- Test -->
