<?xml version="1.0" encoding="UTF-8"?>
<!-- Generated by org.testng.reporters.JUnitXMLReporter -->
<testsuite hostname="MX-IT01128" ignored="3" name="Test" tests="3" failures="0" timestamp="10 Apr 2018 17:06:55 GMT" time="3.078" errors="0">
  <testcase name="testGetItem" time="2.41" classname="com.globant.autoTraningBackend.restAssured.JsonPlaceHolderRestTest"/>
  <testcase name="testGetItem" time="0.345" classname="com.globant.autoTraningBackend.restAssured.JsonPlaceHolderRestTest"/>
  <testcase name="testGetItem" time="0.296" classname="com.globant.autoTraningBackend.restAssured.JsonPlaceHolderRestTest"/>
  <testcase name="testGetResponse" time="0.0" classname="com.globant.autoTraningBackend.restAssured.JsonPlaceHolderRestTest">
    <ignored/>
  </testcase> <!-- testGetResponse -->
  <testcase name="testValidateSchema" time="0.0" classname="com.globant.autoTraningBackend.restAssured.JsonPlaceHolderRestTest">
    <ignored/>
  </testcase> <!-- testValidateSchema -->
  <testcase name="testGetCodeResponse" time="0.0" classname="com.globant.autoTraningBackend.restAssured.JsonPlaceHolderRestTest">
    <ignored/>
  </testcase> <!-- testGetCodeResponse -->
</testsuite> <!-- Test -->
