<?xml version="1.0" encoding="UTF-8"?>
<!-- Generated by org.testng.reporters.JUnitXMLReporter -->
<testsuite hostname="MX-IT01128" ignored="0" name="Default test" tests="16" failures="0" timestamp="05 Apr 2018 22:25:51 GMT" time="5.997" errors="0">
  <testcase name="testGetCodeResponse" time="1.392" classname="com.globant.autoTraningBackend.restAssured.JsonPlaceHolderRestTest"/>
  <testcase name="testGetCodeResponse" time="0.249" classname="com.globant.autoTraningBackend.restAssured.JsonPlaceHolderRestTest"/>
  <testcase name="testGetCodeResponse" time="0.215" classname="com.globant.autoTraningBackend.restAssured.JsonPlaceHolderRestTest"/>
  <testcase name="testGetCodeResponse" time="0.298" classname="com.globant.autoTraningBackend.restAssured.JsonPlaceHolderRestTest"/>
  <testcase name="testGetCodeResponse" time="0.189" classname="com.globant.autoTraningBackend.restAssured.JsonPlaceHolderRestTest"/>
  <testcase name="testGetCodeResponse" time="0.217" classname="com.globant.autoTraningBackend.restAssured.JsonPlaceHolderRestTest"/>
  <testcase name="testGetItem" time="0.565" classname="com.globant.autoTraningBackend.restAssured.JsonPlaceHolderRestTest"/>
  <testcase name="testGetItem" time="0.168" classname="com.globant.autoTraningBackend.restAssured.JsonPlaceHolderRestTest"/>
  <testcase name="testGetItem" time="0.242" classname="com.globant.autoTraningBackend.restAssured.JsonPlaceHolderRestTest"/>
  <testcase name="testGetResponse" time="0.193" classname="com.globant.autoTraningBackend.restAssured.JsonPlaceHolderRestTest"/>
  <testcase name="testValidateSchema" time="0.751" classname="com.globant.autoTraningBackend.restAssured.JsonPlaceHolderRestTest"/>
  <testcase name="testValidateSchema" time="0.529" classname="com.globant.autoTraningBackend.restAssured.JsonPlaceHolderRestTest"/>
  <testcase name="testValidateSchema" time="0.158" classname="com.globant.autoTraningBackend.restAssured.JsonPlaceHolderRestTest"/>
  <testcase name="testValidateSchema" time="0.406" classname="com.globant.autoTraningBackend.restAssured.JsonPlaceHolderRestTest"/>
  <testcase name="testValidateSchema" time="0.161" classname="com.globant.autoTraningBackend.restAssured.JsonPlaceHolderRestTest"/>
  <testcase name="testValidateSchema" time="0.205" classname="com.globant.autoTraningBackend.restAssured.JsonPlaceHolderRestTest"/>
</testsuite> <!-- Default test -->
